0 verbose cli C:\Program Files\nodejs\node.exe C:\Program Files\nodejs\node_modules\npm\bin\npm-cli.js
1 info using npm@10.5.2
2 info using node@v20.13.1
3 timing npm:load:whichnode Completed in 1ms
4 timing config:load:defaults Completed in 1ms
5 timing config:load:file:C:\Program Files\nodejs\node_modules\npm\npmrc Completed in 1ms
6 timing config:load:builtin Completed in 1ms
7 timing config:load:cli Completed in 2ms
8 timing config:load:env Completed in 0ms
9 timing config:load:project Completed in 1ms
10 timing config:load:file:C:\Users\henok\.npmrc Completed in 0ms
11 timing config:load:user Completed in 0ms
12 timing config:load:file:C:\Evangadi\Phase-4\Evangadi-Forum\UsershenokAppDataRoamingnpm\etc\npmrc Completed in 1ms
13 timing config:load:global Completed in 1ms
14 timing config:load:setEnvs Completed in 0ms
15 timing config:load Completed in 6ms
16 timing npm:load:configload Completed in 6ms
17 timing config:load:flatten Completed in 1ms
18 timing npm:load:mkdirpcache Completed in 1ms
19 timing npm:load:mkdirplogs Completed in 0ms
20 verbose title npm install nodemon
21 verbose argv "install" "--global" "nodemon"
22 timing npm:load:setTitle Completed in 0ms
23 timing npm:load:display Completed in 0ms
24 verbose logfile logs-max:10 dir:C:\Evangadi\Phase-4\Evangadi-Forum\UsershenokAppDataLocalnpm-cache\_logs\2024-07-28T04_43_34_485Z-
25 verbose logfile C:\Evangadi\Phase-4\Evangadi-Forum\UsershenokAppDataLocalnpm-cache\_logs\2024-07-28T04_43_34_485Z-debug-0.log
26 timing npm:load:logFile Completed in 5ms
27 timing npm:load:timers Completed in 0ms
28 timing npm:load:configScope Completed in 0ms
29 timing npm:load Completed in 33ms
30 timing config:load:flatten Completed in 1ms
31 timing arborist:ctor Completed in 0ms
32 silly logfile done cleaning log files
33 timing idealTree:init Completed in 3ms
34 timing idealTree:userRequests Completed in 3ms
35 silly idealTree buildDeps
36 silly fetch manifest nodemon@*
37 http fetch GET 200 https://registry.npmjs.org/nodemon 128ms (cache revalidated)
38 silly placeDep ROOT nodemon@3.1.4 OK for:  want: *
39 silly fetch manifest chokidar@^3.5.2
40 silly fetch manifest debug@^4
41 silly fetch manifest ignore-by-default@^1.0.1
42 silly fetch manifest minimatch@^3.1.2
43 silly fetch manifest pstree.remy@^1.1.8
44 silly fetch manifest semver@^7.5.3
45 silly fetch manifest simple-update-notifier@^2.0.0
46 silly fetch manifest supports-color@^5.5.0
47 silly fetch manifest touch@^3.1.0
48 silly fetch manifest undefsafe@^2.0.5
49 http fetch GET 200 https://registry.npmjs.org/chokidar 41ms (cache revalidated)
50 http fetch GET 200 https://registry.npmjs.org/ignore-by-default 81ms (cache revalidated)
51 http fetch GET 200 https://registry.npmjs.org/debug 88ms (cache revalidated)
52 http fetch GET 200 https://registry.npmjs.org/undefsafe 90ms (cache revalidated)
53 http fetch GET 200 https://registry.npmjs.org/pstree.remy 93ms (cache revalidated)
54 http fetch GET 200 https://registry.npmjs.org/simple-update-notifier 95ms (cache revalidated)
55 http fetch GET 200 https://registry.npmjs.org/minimatch 99ms (cache revalidated)
56 http fetch GET 200 https://registry.npmjs.org/touch 101ms (cache revalidated)
57 http fetch GET 200 https://registry.npmjs.org/supports-color 104ms (cache revalidated)
58 http fetch GET 200 https://registry.npmjs.org/semver 109ms (cache revalidated)
59 timing idealTree:#root Completed in 253ms
60 silly placeDep node_modules/nodemon chokidar@3.6.0 OK for: nodemon@3.1.4 want: ^3.5.2
61 silly placeDep node_modules/nodemon debug@4.3.6 OK for: nodemon@3.1.4 want: ^4
62 silly placeDep node_modules/nodemon ignore-by-default@1.0.1 OK for: nodemon@3.1.4 want: ^1.0.1
63 silly placeDep node_modules/nodemon minimatch@3.1.2 OK for: nodemon@3.1.4 want: ^3.1.2
64 silly placeDep node_modules/nodemon pstree.remy@1.1.8 OK for: nodemon@3.1.4 want: ^1.1.8
65 silly placeDep node_modules/nodemon semver@7.6.3 OK for: nodemon@3.1.4 want: ^7.5.3
66 silly placeDep node_modules/nodemon simple-update-notifier@2.0.0 OK for: nodemon@3.1.4 want: ^2.0.0
67 silly placeDep node_modules/nodemon supports-color@5.5.0 OK for: nodemon@3.1.4 want: ^5.5.0
68 silly placeDep node_modules/nodemon touch@3.1.1 OK for: nodemon@3.1.4 want: ^3.1.0
69 silly placeDep node_modules/nodemon undefsafe@2.0.5 OK for: nodemon@3.1.4 want: ^2.0.5
70 silly fetch manifest anymatch@~3.1.2
71 silly fetch manifest braces@~3.0.2
72 silly fetch manifest glob-parent@~5.1.2
73 silly fetch manifest is-binary-path@~2.1.0
74 silly fetch manifest is-glob@~4.0.1
75 silly fetch manifest normalize-path@~3.0.0
76 silly fetch manifest readdirp@~3.6.0
77 silly fetch manifest fsevents@~2.3.2
78 silly fetch manifest ms@2.1.2
79 silly fetch manifest brace-expansion@^1.1.7
80 silly fetch manifest has-flag@^3.0.0
81 http fetch GET 200 https://registry.npmjs.org/is-binary-path 40ms (cache revalidated)
82 http fetch GET 200 https://registry.npmjs.org/is-glob 39ms (cache revalidated)
83 http fetch GET 200 https://registry.npmjs.org/anymatch 48ms (cache revalidated)
84 http fetch GET 200 https://registry.npmjs.org/glob-parent 48ms (cache revalidated)
85 http fetch GET 200 https://registry.npmjs.org/has-flag 52ms (cache revalidated)
86 http fetch GET 200 https://registry.npmjs.org/readdirp 55ms (cache revalidated)
87 http fetch GET 200 https://registry.npmjs.org/braces 62ms (cache revalidated)
88 http fetch GET 200 https://registry.npmjs.org/fsevents 60ms (cache revalidated)
89 http fetch GET 200 https://registry.npmjs.org/normalize-path 63ms (cache revalidated)
90 http fetch GET 200 https://registry.npmjs.org/ms 64ms (cache revalidated)
91 http fetch GET 200 https://registry.npmjs.org/brace-expansion 84ms (cache revalidated)
92 timing idealTree:node_modules/nodemon Completed in 100ms
93 silly placeDep node_modules/nodemon anymatch@3.1.3 OK for: chokidar@3.6.0 want: ~3.1.2
94 silly placeDep node_modules/nodemon braces@3.0.3 OK for: chokidar@3.6.0 want: ~3.0.2
95 silly placeDep node_modules/nodemon fsevents@2.3.3 OK for: chokidar@3.6.0 want: ~2.3.2
96 silly placeDep node_modules/nodemon glob-parent@5.1.2 OK for: chokidar@3.6.0 want: ~5.1.2
97 silly placeDep node_modules/nodemon is-binary-path@2.1.0 OK for: chokidar@3.6.0 want: ~2.1.0
98 silly placeDep node_modules/nodemon is-glob@4.0.3 OK for: chokidar@3.6.0 want: ~4.0.1
99 silly placeDep node_modules/nodemon normalize-path@3.0.0 OK for: chokidar@3.6.0 want: ~3.0.0
100 silly placeDep node_modules/nodemon readdirp@3.6.0 OK for: chokidar@3.6.0 want: ~3.6.0
101 silly fetch manifest normalize-path@^3.0.0
102 silly fetch manifest picomatch@^2.0.4
103 silly fetch manifest fill-range@^7.1.1
104 silly fetch manifest is-glob@^4.0.1
105 silly fetch manifest binary-extensions@^2.0.0
106 silly fetch manifest is-extglob@^2.1.1
107 silly fetch manifest picomatch@^2.2.1
108 http fetch GET 200 https://registry.npmjs.org/binary-extensions 31ms (cache revalidated)
109 http fetch GET 200 https://registry.npmjs.org/picomatch 38ms (cache revalidated)
110 http fetch GET 200 https://registry.npmjs.org/picomatch 39ms (cache revalidated)
111 http fetch GET 200 https://registry.npmjs.org/is-extglob 46ms (cache revalidated)
112 http fetch GET 200 https://registry.npmjs.org/fill-range 48ms (cache revalidated)
113 timing idealTree:node_modules/nodemon/node_modules/chokidar Completed in 58ms
114 silly placeDep node_modules/nodemon picomatch@2.3.1 OK for: anymatch@3.1.3 want: ^2.0.4
115 timing idealTree:node_modules/nodemon/node_modules/anymatch Completed in 1ms
116 silly placeDep node_modules/nodemon fill-range@7.1.1 OK for: braces@3.0.3 want: ^7.1.1
117 silly fetch manifest to-regex-range@^5.0.1
118 http fetch GET 200 https://registry.npmjs.org/to-regex-range 31ms (cache revalidated)
119 timing idealTree:node_modules/nodemon/node_modules/braces Completed in 33ms
120 silly placeDep node_modules/nodemon ms@2.1.2 OK for: debug@4.3.6 want: 2.1.2
121 timing idealTree:node_modules/nodemon/node_modules/debug Completed in 1ms
122 silly placeDep node_modules/nodemon to-regex-range@5.0.1 OK for: fill-range@7.1.1 want: ^5.0.1
123 silly fetch manifest is-number@^7.0.0
124 http fetch GET 200 https://registry.npmjs.org/is-number 27ms (cache revalidated)
125 timing idealTree:node_modules/nodemon/node_modules/fill-range Completed in 29ms
126 timing idealTree:node_modules/nodemon/node_modules/fsevents Completed in 0ms
127 timing idealTree:node_modules/nodemon/node_modules/glob-parent Completed in 0ms
128 timing idealTree:node_modules/nodemon/node_modules/ignore-by-default Completed in 0ms
129 silly placeDep node_modules/nodemon binary-extensions@2.3.0 OK for: is-binary-path@2.1.0 want: ^2.0.0
130 timing idealTree:node_modules/nodemon/node_modules/is-binary-path Completed in 1ms
131 timing idealTree:node_modules/nodemon/node_modules/binary-extensions Completed in 0ms
132 silly placeDep node_modules/nodemon is-extglob@2.1.1 OK for: is-glob@4.0.3 want: ^2.1.1
133 timing idealTree:node_modules/nodemon/node_modules/is-glob Completed in 1ms
134 timing idealTree:node_modules/nodemon/node_modules/is-extglob Completed in 0ms
135 silly placeDep node_modules/nodemon brace-expansion@1.1.11 OK for: minimatch@3.1.2 want: ^1.1.7
136 silly fetch manifest balanced-match@^1.0.0
137 silly fetch manifest concat-map@0.0.1
138 http fetch GET 200 https://registry.npmjs.org/concat-map 51ms (cache revalidated)
139 http fetch GET 200 https://registry.npmjs.org/balanced-match 95ms (cache revalidated)
140 timing idealTree:node_modules/nodemon/node_modules/minimatch Completed in 97ms
141 silly placeDep node_modules/nodemon balanced-match@1.0.2 OK for: brace-expansion@1.1.11 want: ^1.0.0
142 silly placeDep node_modules/nodemon concat-map@0.0.1 OK for: brace-expansion@1.1.11 want: 0.0.1
143 timing idealTree:node_modules/nodemon/node_modules/brace-expansion Completed in 1ms
144 timing idealTree:node_modules/nodemon/node_modules/balanced-match Completed in 0ms
145 timing idealTree:node_modules/nodemon/node_modules/concat-map Completed in 0ms
146 timing idealTree:node_modules/nodemon/node_modules/ms Completed in 0ms
147 timing idealTree:node_modules/nodemon/node_modules/normalize-path Completed in 0ms
148 timing idealTree:node_modules/nodemon/node_modules/picomatch Completed in 0ms
149 timing idealTree:node_modules/nodemon/node_modules/pstree.remy Completed in 0ms
150 timing idealTree:node_modules/nodemon/node_modules/readdirp Completed in 0ms
151 timing idealTree:node_modules/nodemon/node_modules/semver Completed in 0ms
152 timing idealTree:node_modules/nodemon/node_modules/simple-update-notifier Completed in 0ms
153 silly placeDep node_modules/nodemon has-flag@3.0.0 OK for: supports-color@5.5.0 want: ^3.0.0
154 timing idealTree:node_modules/nodemon/node_modules/supports-color Completed in 1ms
155 timing idealTree:node_modules/nodemon/node_modules/has-flag Completed in 0ms
156 silly placeDep node_modules/nodemon is-number@7.0.0 OK for: to-regex-range@5.0.1 want: ^7.0.0
157 timing idealTree:node_modules/nodemon/node_modules/to-regex-range Completed in 1ms
158 timing idealTree:node_modules/nodemon/node_modules/is-number Completed in 0ms
159 timing idealTree:node_modules/nodemon/node_modules/touch Completed in 0ms
160 timing idealTree:node_modules/nodemon/node_modules/undefsafe Completed in 0ms
161 timing idealTree:buildDeps Completed in 577ms
162 timing idealTree:fixDepFlags Completed in 0ms
163 timing idealTree Completed in 586ms
164 timing reify:loadTrees Completed in 594ms
165 timing reify:diffTrees Completed in 3ms
166 silly reify mark retired [
166 silly reify   'C:\\Evangadi\\Phase-4\\Evangadi-Forum\\UsershenokAppDataRoamingnpm\\node_modules\\nodemon',
166 silly reify   'C:\\Evangadi\\Phase-4\\Evangadi-Forum\\UsershenokAppDataRoamingnpm\\nodemon',
166 silly reify   'C:\\Evangadi\\Phase-4\\Evangadi-Forum\\UsershenokAppDataRoamingnpm\\nodemon.cmd',
166 silly reify   'C:\\Evangadi\\Phase-4\\Evangadi-Forum\\UsershenokAppDataRoamingnpm\\nodemon.ps1'
166 silly reify ]
167 silly reify moves {
167 silly reify   'C:\\Evangadi\\Phase-4\\Evangadi-Forum\\UsershenokAppDataRoamingnpm\\node_modules\\nodemon': 'C:\\Evangadi\\Phase-4\\Evangadi-Forum\\UsershenokAppDataRoamingnpm\\node_modules\\.nodemon-Qytuirr9',
167 silly reify   'C:\\Evangadi\\Phase-4\\Evangadi-Forum\\UsershenokAppDataRoamingnpm\\nodemon': 'C:\\Evangadi\\Phase-4\\Evangadi-Forum\\UsershenokAppDataRoamingnpm\\.nodemon-tTc3LSap',
167 silly reify   'C:\\Evangadi\\Phase-4\\Evangadi-Forum\\UsershenokAppDataRoamingnpm\\nodemon.cmd': 'C:\\Evangadi\\Phase-4\\Evangadi-Forum\\UsershenokAppDataRoamingnpm\\.nodemon.cmd-BplX2mhz',
167 silly reify   'C:\\Evangadi\\Phase-4\\Evangadi-Forum\\UsershenokAppDataRoamingnpm\\nodemon.ps1': 'C:\\Evangadi\\Phase-4\\Evangadi-Forum\\UsershenokAppDataRoamingnpm\\.nodemon.ps1-OIrVKFLR'
167 silly reify }
168 timing reify:retireShallow Completed in 4ms
169 timing reify:createSparse Completed in 7ms
170 timing reify:loadBundles Completed in 0ms
171 verbose reify failed optional dependency C:\Evangadi\Phase-4\Evangadi-Forum\UsershenokAppDataRoamingnpm\node_modules\nodemon\node_modules\fsevents
172 silly reify mark deleted [
172 silly reify   'C:\\Evangadi\\Phase-4\\Evangadi-Forum\\UsershenokAppDataRoamingnpm\\node_modules\\nodemon\\node_modules\\fsevents'
172 silly reify ]
173 timing reifyNode:node_modules/nodemon/node_modules/fsevents Completed in 2ms
174 timing reifyNode:node_modules/nodemon/node_modules/ms Completed in 100ms
175 timing reifyNode:node_modules/nodemon/node_modules/brace-expansion Completed in 101ms
176 timing reifyNode:node_modules/nodemon/node_modules/ignore-by-default Completed in 101ms
177 timing reifyNode:node_modules/nodemon/node_modules/is-extglob Completed in 101ms
178 timing reifyNode:node_modules/nodemon/node_modules/is-number Completed in 101ms
179 timing reifyNode:node_modules/nodemon/node_modules/has-flag Completed in 101ms
180 timing reifyNode:node_modules/nodemon/node_modules/to-regex-range Completed in 102ms
181 timing reifyNode:node_modules/nodemon/node_modules/is-glob Completed in 102ms
182 timing reifyNode:node_modules/nodemon/node_modules/fill-range Completed in 103ms
183 timing reifyNode:node_modules/nodemon/node_modules/minimatch Completed in 104ms
184 timing reifyNode:node_modules/nodemon/node_modules/supports-color Completed in 106ms
185 timing reifyNode:node_modules/nodemon/node_modules/is-binary-path Completed in 106ms
186 timing reifyNode:node_modules/nodemon/node_modules/normalize-path Completed in 106ms
187 timing reifyNode:node_modules/nodemon/node_modules/glob-parent Completed in 106ms
188 timing reifyNode:node_modules/nodemon/node_modules/anymatch Completed in 107ms
189 timing reifyNode:node_modules/nodemon/node_modules/balanced-match Completed in 107ms
190 timing reifyNode:node_modules/nodemon/node_modules/touch Completed in 107ms
191 timing reifyNode:node_modules/nodemon/node_modules/readdirp Completed in 110ms
192 timing reifyNode:node_modules/nodemon/node_modules/binary-extensions Completed in 113ms
193 timing reifyNode:node_modules/nodemon/node_modules/debug Completed in 114ms
194 timing reifyNode:node_modules/nodemon/node_modules/concat-map Completed in 114ms
195 timing reifyNode:node_modules/nodemon/node_modules/undefsafe Completed in 118ms
196 timing reifyNode:node_modules/nodemon/node_modules/chokidar Completed in 119ms
197 timing reifyNode:node_modules/nodemon/node_modules/braces Completed in 121ms
198 timing reifyNode:node_modules/nodemon/node_modules/pstree.remy Completed in 122ms
199 timing reifyNode:node_modules/nodemon/node_modules/picomatch Completed in 122ms
200 timing reifyNode:node_modules/nodemon/node_modules/simple-update-notifier Completed in 126ms
201 timing reifyNode:node_modules/nodemon/node_modules/semver Completed in 161ms
202 timing reifyNode:node_modules/nodemon Completed in 240ms
203 timing reify:unpack Completed in 240ms
204 timing reify:unretire Completed in 0ms
205 timing build:queue Completed in 1ms
206 timing build:link:node_modules/nodemon/node_modules/touch Completed in 4ms
207 timing build:link:node_modules/nodemon Completed in 5ms
208 timing build:link:node_modules/nodemon/node_modules/semver Completed in 4ms
209 timing build:link Completed in 5ms
210 timing build:run:install Completed in 1ms
211 timing build:deps Completed in 7ms
212 timing build Completed in 8ms
213 timing reify:build Completed in 8ms
214 timing reify:trash Completed in 22ms
215 timing reify Completed in 882ms
216 silly CHANGE node_modules/nodemon
217 silly ADD
218 silly CHANGE node_modules/nodemon/node_modules/binary-extensions
219 silly CHANGE node_modules/nodemon/node_modules/balanced-match
220 silly CHANGE node_modules/nodemon/node_modules/undefsafe
221 silly CHANGE node_modules/nodemon/node_modules/to-regex-range
222 silly CHANGE node_modules/nodemon/node_modules/touch
223 silly CHANGE node_modules/nodemon/node_modules/supports-color
224 silly CHANGE node_modules/nodemon/node_modules/brace-expansion
225 silly CHANGE node_modules/nodemon/node_modules/simple-update-notifier
226 silly CHANGE node_modules/nodemon/node_modules/semver
227 silly CHANGE node_modules/nodemon/node_modules/readdirp
228 silly CHANGE node_modules/nodemon/node_modules/pstree.remy
229 silly CHANGE node_modules/nodemon/node_modules/picomatch
230 silly CHANGE node_modules/nodemon/node_modules/normalize-path
231 silly CHANGE node_modules/nodemon/node_modules/ms
232 silly CHANGE node_modules/nodemon/node_modules/minimatch
233 silly CHANGE node_modules/nodemon/node_modules/is-glob
234 silly CHANGE node_modules/nodemon/node_modules/is-number
235 silly CHANGE node_modules/nodemon/node_modules/is-extglob
236 silly CHANGE node_modules/nodemon/node_modules/ignore-by-default
237 silly CHANGE node_modules/nodemon/node_modules/is-binary-path
238 silly CHANGE node_modules/nodemon/node_modules/has-flag
239 silly CHANGE node_modules/nodemon/node_modules/glob-parent
240 silly CHANGE node_modules/nodemon/node_modules/debug
241 silly CHANGE node_modules/nodemon/node_modules/concat-map
242 silly CHANGE node_modules/nodemon/node_modules/braces
243 silly CHANGE node_modules/nodemon/node_modules/fill-range
244 silly CHANGE node_modules/nodemon/node_modules/chokidar
245 silly CHANGE node_modules/nodemon/node_modules/anymatch
246 timing command:install Completed in 887ms
247 verbose exit 0
248 timing npm Completed in 1240ms
249 info ok
