0 verbose cli C:\Program Files\nodejs\node.exe C:\Program Files\nodejs\node_modules\npm\bin\npm-cli.js
1 info using npm@10.5.2
2 info using node@v20.13.1
3 timing npm:load:whichnode Completed in 3ms
4 timing config:load:defaults Completed in 3ms
5 timing config:load:file:C:\Program Files\nodejs\node_modules\npm\npmrc Completed in 3ms
6 timing config:load:builtin Completed in 3ms
7 timing config:load:cli Completed in 3ms
8 timing config:load:env Completed in 1ms
9 timing config:load:file:C:\Evangadi\Phase-4\Evangadi-Forum\.npmrc Completed in 1ms
10 timing config:load:project Completed in 4ms
11 timing config:load:file:C:\Users\henok\.npmrc Completed in 2ms
12 timing config:load:user Completed in 2ms
13 timing config:load:file:C:\Evangadi\Phase-4\Evangadi-Forum\UsershenokAppDataRoamingnpm\etc\npmrc Completed in 1ms
14 timing config:load:global Completed in 1ms
15 timing config:load:setEnvs Completed in 2ms
16 timing config:load Completed in 20ms
17 timing npm:load:configload Completed in 20ms
18 timing config:load:flatten Completed in 4ms
19 timing npm:load:mkdirpcache Completed in 1ms
20 timing npm:load:mkdirplogs Completed in 1ms
21 verbose title npm install dotenv
22 verbose argv "install" "dotenv"
23 timing npm:load:setTitle Completed in 2ms
24 timing npm:load:display Completed in 1ms
25 verbose logfile logs-max:10 dir:C:\Evangadi\Phase-4\Evangadi-Forum\UsershenokAppDataLocalnpm-cache\_logs\2024-07-28T22_54_39_049Z-
26 verbose logfile C:\Evangadi\Phase-4\Evangadi-Forum\UsershenokAppDataLocalnpm-cache\_logs\2024-07-28T22_54_39_049Z-debug-0.log
27 timing npm:load:logFile Completed in 33ms
28 timing npm:load:timers Completed in 0ms
29 timing npm:load:configScope Completed in 0ms
30 timing npm:load Completed in 109ms
31 timing arborist:ctor Completed in 1ms
32 silly logfile done cleaning log files
33 timing idealTree:init Completed in 113ms
34 timing idealTree:userRequests Completed in 2ms
35 silly idealTree buildDeps
36 silly fetch manifest dotenv@*
37 timing arborist:ctor Completed in 1ms
38 http fetch GET 200 https://registry.npmjs.org/dotenv 289ms (cache miss)
39 silly placeDep ROOT dotenv@16.4.5 OK for: evangadi-forum@1.0.0 want: *
40 timing idealTree:#root Completed in 308ms
41 timing idealTree:node_modules/dotenv Completed in 0ms
42 timing idealTree:buildDeps Completed in 310ms
43 timing idealTree:fixDepFlags Completed in 3ms
44 timing idealTree Completed in 435ms
45 timing reify:loadTrees Completed in 436ms
46 timing reify:diffTrees Completed in 13ms
47 silly reify moves {}
48 timing reify:retireShallow Completed in 2ms
49 timing reify:createSparse Completed in 4ms
50 timing reify:loadBundles Completed in 0ms
51 silly audit bulk request {
51 silly audit   '@mapbox/node-pre-gyp': [ '1.0.11' ],
51 silly audit   abbrev: [ '1.1.1' ],
51 silly audit   accepts: [ '1.3.8' ],
51 silly audit   'agent-base': [ '6.0.2' ],
51 silly audit   debug: [ '4.3.6', '2.6.9' ],
51 silly audit   ms: [ '2.1.2', '2.1.3', '2.0.0' ],
51 silly audit   'ansi-regex': [ '5.0.1' ],
51 silly audit   anymatch: [ '3.1.3' ],
51 silly audit   aproba: [ '2.0.0' ],
51 silly audit   'are-we-there-yet': [ '2.0.0' ],
51 silly audit   'array-flatten': [ '1.1.1' ],
51 silly audit   'aws-ssl-profiles': [ '1.1.1' ],
51 silly audit   'balanced-match': [ '1.0.2' ],
51 silly audit   bcrypt: [ '5.1.1' ],
51 silly audit   'binary-extensions': [ '2.3.0' ],
51 silly audit   'body-parser': [ '1.20.2' ],
51 silly audit   'iconv-lite': [ '0.4.24', '0.6.3' ],
51 silly audit   'brace-expansion': [ '1.1.11' ],
51 silly audit   braces: [ '3.0.3' ],
51 silly audit   'buffer-equal-constant-time': [ '1.0.1' ],
51 silly audit   bytes: [ '3.1.2' ],
51 silly audit   'call-bind': [ '1.0.7' ],
51 silly audit   chokidar: [ '3.6.0' ],
51 silly audit   chownr: [ '2.0.0' ],
51 silly audit   'color-support': [ '1.1.3' ],
51 silly audit   'concat-map': [ '0.0.1' ],
51 silly audit   'console-control-strings': [ '1.1.0' ],
51 silly audit   'content-disposition': [ '0.5.4' ],
51 silly audit   'content-type': [ '1.0.5' ],
51 silly audit   cookie: [ '0.6.0' ],
51 silly audit   'cookie-signature': [ '1.0.6' ],
51 silly audit   'define-data-property': [ '1.1.4' ],
51 silly audit   delegates: [ '1.0.0' ],
51 silly audit   denque: [ '2.1.0' ],
51 silly audit   depd: [ '2.0.0' ],
51 silly audit   destroy: [ '1.2.0' ],
51 silly audit   'detect-libc': [ '2.0.3' ],
51 silly audit   'ecdsa-sig-formatter': [ '1.0.11' ],
51 silly audit   'ee-first': [ '1.1.1' ],
51 silly audit   'emoji-regex': [ '8.0.0' ],
51 silly audit   encodeurl: [ '1.0.2' ],
51 silly audit   'es-define-property': [ '1.0.0' ],
51 silly audit   'es-errors': [ '1.3.0' ],
51 silly audit   'escape-html': [ '1.0.3' ],
51 silly audit   etag: [ '1.8.1' ],
51 silly audit   express: [ '4.19.2' ],
51 silly audit   'fill-range': [ '7.1.1' ],
51 silly audit   finalhandler: [ '1.2.0' ],
51 silly audit   forwarded: [ '0.2.0' ],
51 silly audit   fresh: [ '0.5.2' ],
51 silly audit   'fs-minipass': [ '2.1.0' ],
51 silly audit   minipass: [ '3.3.6', '5.0.0' ],
51 silly audit   'fs.realpath': [ '1.0.0' ],
51 silly audit   fsevents: [ '2.3.3' ],
51 silly audit   'function-bind': [ '1.1.2' ],
51 silly audit   gauge: [ '3.0.2' ],
51 silly audit   'generate-function': [ '2.3.1' ],
51 silly audit   'get-intrinsic': [ '1.2.4' ],
51 silly audit   glob: [ '7.2.3' ],
51 silly audit   'glob-parent': [ '5.1.2' ],
51 silly audit   gopd: [ '1.0.1' ],
51 silly audit   'has-flag': [ '3.0.0' ],
51 silly audit   'has-property-descriptors': [ '1.0.2' ],
51 silly audit   'has-proto': [ '1.0.3' ],
51 silly audit   'has-symbols': [ '1.0.3' ],
51 silly audit   'has-unicode': [ '2.0.1' ],
51 silly audit   hasown: [ '2.0.2' ],
51 silly audit   'http-errors': [ '2.0.0' ],
51 silly audit   'http-status-codes': [ '2.3.0' ],
51 silly audit   'https-proxy-agent': [ '5.0.1' ],
51 silly audit   'ignore-by-default': [ '1.0.1' ],
51 silly audit   inflight: [ '1.0.6' ],
51 silly audit   inherits: [ '2.0.4' ],
51 silly audit   'ipaddr.js': [ '1.9.1' ],
51 silly audit   'is-binary-path': [ '2.1.0' ],
51 silly audit   'is-extglob': [ '2.1.1' ],
51 silly audit   'is-fullwidth-code-point': [ '3.0.0' ],
51 silly audit   'is-glob': [ '4.0.3' ],
51 silly audit   'is-number': [ '7.0.0' ],
51 silly audit   'is-property': [ '1.0.2' ],
51 silly audit   jsonwebtoken: [ '9.0.2' ],
51 silly audit   jwa: [ '1.4.1' ],
51 silly audit   jws: [ '3.2.2' ],
51 silly audit   'lodash.includes': [ '4.3.0' ],
51 silly audit   'lodash.isboolean': [ '3.0.3' ],
51 silly audit   'lodash.isinteger': [ '4.0.4' ],
51 silly audit   'lodash.isnumber': [ '3.0.3' ],
51 silly audit   'lodash.isplainobject': [ '4.0.6' ],
51 silly audit   'lodash.isstring': [ '4.0.1' ],
51 silly audit   'lodash.once': [ '4.1.1' ],
51 silly audit   long: [ '5.2.3' ],
51 silly audit   'lru-cache': [ '8.0.5', '7.18.3' ],
51 silly audit   'make-dir': [ '3.1.0' ],
51 silly audit   semver: [ '6.3.1', '7.6.3' ],
51 silly audit   'media-typer': [ '0.3.0' ],
51 silly audit   'merge-descriptors': [ '1.0.1' ],
51 silly audit   methods: [ '1.1.2' ],
51 silly audit   mime: [ '1.6.0' ],
51 silly audit   'mime-db': [ '1.52.0' ],
51 silly audit   'mime-types': [ '2.1.35' ],
51 silly audit   minimatch: [ '3.1.2' ],
51 silly audit   minizlib: [ '2.1.2' ],
51 silly audit   mkdirp: [ '1.0.4' ],
51 silly audit   mysql2: [ '3.10.3' ],
51 silly audit   'named-placeholders': [ '1.1.3' ],
51 silly audit   negotiator: [ '0.6.3' ],
51 silly audit   'node-addon-api': [ '5.1.0' ],
51 silly audit   'node-fetch': [ '2.7.0' ],
51 silly audit   nodemon: [ '3.1.4' ],
51 silly audit   nopt: [ '5.0.0' ],
51 silly audit   'normalize-path': [ '3.0.0' ],
51 silly audit   npmlog: [ '5.0.1' ],
51 silly audit   'object-assign': [ '4.1.1' ],
51 silly audit   'object-inspect': [ '1.13.2' ],
51 silly audit   'on-finished': [ '2.4.1' ],
51 silly audit   once: [ '1.4.0' ],
51 silly audit   parseurl: [ '1.3.3' ],
51 silly audit   'path-is-absolute': [ '1.0.1' ],
51 silly audit   'path-to-regexp': [ '0.1.7' ],
51 silly audit   picomatch: [ '2.3.1' ],
51 silly audit   'proxy-addr': [ '2.0.7' ],
51 silly audit   'pstree.remy': [ '1.1.8' ],
51 silly audit   qs: [ '6.11.0' ],
51 silly audit   'range-parser': [ '1.2.1' ],
51 silly audit   'raw-body': [ '2.5.2' ],
51 silly audit   'readable-stream': [ '3.6.2' ],
51 silly audit   readdirp: [ '3.6.0' ],
51 silly audit   rimraf: [ '3.0.2' ],
51 silly audit   'safe-buffer': [ '5.2.1' ],
51 silly audit   'safer-buffer': [ '2.1.2' ],
51 silly audit   send: [ '0.18.0' ],
51 silly audit   'seq-queue': [ '0.0.5' ],
51 silly audit   'serve-static': [ '1.15.0' ],
51 silly audit   'set-blocking': [ '2.0.0' ],
51 silly audit   'set-function-length': [ '1.2.2' ],
51 silly audit   setprototypeof: [ '1.2.0' ],
51 silly audit   'side-channel': [ '1.0.6' ],
51 silly audit   'signal-exit': [ '3.0.7' ],
51 silly audit   'simple-update-notifier': [ '2.0.0' ],
51 silly audit   sqlstring: [ '2.3.3' ],
51 silly audit   statuses: [ '2.0.1' ],
51 silly audit   string_decoder: [ '1.3.0' ],
51 silly audit   'string-width': [ '4.2.3' ],
51 silly audit   'strip-ansi': [ '6.0.1' ],
51 silly audit   'supports-color': [ '5.5.0' ],
51 silly audit   tar: [ '6.2.1' ],
51 silly audit   'to-regex-range': [ '5.0.1' ],
51 silly audit   toidentifier: [ '1.0.1' ],
51 silly audit   touch: [ '3.1.1' ],
51 silly audit   tr46: [ '0.0.3' ],
51 silly audit   'type-is': [ '1.6.18' ],
51 silly audit   undefsafe: [ '2.0.5' ],
51 silly audit   unpipe: [ '1.0.0' ],
51 silly audit   'util-deprecate': [ '1.0.2' ],
51 silly audit   'utils-merge': [ '1.0.1' ],
51 silly audit   vary: [ '1.1.2' ],
51 silly audit   'webidl-conversions': [ '3.0.1' ],
51 silly audit   'whatwg-url': [ '5.0.0' ],
51 silly audit   'wide-align': [ '1.1.5' ],
51 silly audit   wrappy: [ '1.0.2' ],
51 silly audit   yallist: [ '4.0.0' ],
51 silly audit   dotenv: [ '16.4.5' ]
51 silly audit }
52 verbose reify failed optional dependency C:\Evangadi\Phase-4\Evangadi-Forum\node_modules\fsevents
53 silly reify mark deleted [ 'C:\\Evangadi\\Phase-4\\Evangadi-Forum\\node_modules\\fsevents' ]
54 timing reifyNode:node_modules/fsevents Completed in 8ms
55 silly tarball no local data for dotenv@https://registry.npmjs.org/dotenv/-/dotenv-16.4.5.tgz. Extracting by manifest.
56 http fetch POST 200 https://registry.npmjs.org/-/npm/v1/security/advisories/bulk 127ms
57 timing auditReport:getReport Completed in 136ms
58 silly audit report {}
59 timing auditReport:init Completed in 0ms
60 timing reify:audit Completed in 137ms
61 http fetch GET 200 https://registry.npmjs.org/dotenv/-/dotenv-16.4.5.tgz 199ms (cache miss)
62 timing reifyNode:node_modules/dotenv Completed in 216ms
63 timing reify:unpack Completed in 216ms
64 timing reify:unretire Completed in 0ms
65 timing build:queue Completed in 2ms
66 timing build:deps Completed in 3ms
67 timing build Completed in 3ms
68 timing reify:build Completed in 4ms
69 timing reify:trash Completed in 2ms
70 timing reify:save Completed in 91ms
71 timing reify Completed in 837ms
72 silly ADD node_modules/dotenv
73 silly ADD
74 timing command:install Completed in 852ms
75 verbose exit 0
76 timing npm Completed in 1699ms
77 info ok
