0 verbose cli C:\Program Files\nodejs\node.exe C:\Program Files\nodejs\node_modules\npm\bin\npm-cli.js
1 info using npm@10.5.2
2 info using node@v20.13.1
3 timing npm:load:whichnode Completed in 2ms
4 timing config:load:defaults Completed in 1ms
5 timing config:load:file:C:\Program Files\nodejs\node_modules\npm\npmrc Completed in 2ms
6 timing config:load:builtin Completed in 2ms
7 timing config:load:cli Completed in 1ms
8 timing config:load:env Completed in 1ms
9 timing config:load:project Completed in 0ms
10 timing config:load:file:C:\Users\henok\.npmrc Completed in 1ms
11 timing config:load:user Completed in 1ms
12 timing config:load:file:C:\Evangadi\Phase-4\Evangadi-Forum\UsershenokAppDataRoamingnpm\etc\npmrc Completed in 1ms
13 timing config:load:global Completed in 1ms
14 timing config:load:setEnvs Completed in 1ms
15 timing config:load Completed in 8ms
16 timing npm:load:configload Completed in 8ms
17 timing config:load:flatten Completed in 2ms
18 timing npm:load:mkdirpcache Completed in 0ms
19 timing npm:load:mkdirplogs Completed in 0ms
20 verbose title npm install nodemon
21 verbose argv "install" "--global" "nodemon"
22 timing npm:load:setTitle Completed in 1ms
23 timing npm:load:display Completed in 0ms
24 verbose logfile logs-max:10 dir:C:\Evangadi\Phase-4\Evangadi-Forum\UsershenokAppDataLocalnpm-cache\_logs\2024-07-28T04_38_00_008Z-
25 verbose logfile C:\Evangadi\Phase-4\Evangadi-Forum\UsershenokAppDataLocalnpm-cache\_logs\2024-07-28T04_38_00_008Z-debug-0.log
26 timing npm:load:logFile Completed in 6ms
27 timing npm:load:timers Completed in 0ms
28 timing npm:load:configScope Completed in 0ms
29 timing npm:load Completed in 34ms
30 timing config:load:flatten Completed in 0ms
31 timing arborist:ctor Completed in 1ms
32 silly logfile done cleaning log files
33 timing idealTree:init Completed in 3ms
34 timing idealTree:userRequests Completed in 2ms
35 silly idealTree buildDeps
36 silly fetch manifest nodemon@*
37 http fetch GET 200 https://registry.npmjs.org/nodemon 144ms (cache miss)
38 silly placeDep ROOT nodemon@3.1.4 OK for:  want: *
39 silly fetch manifest chokidar@^3.5.2
40 silly fetch manifest debug@^4
41 silly fetch manifest ignore-by-default@^1.0.1
42 silly fetch manifest minimatch@^3.1.2
43 silly fetch manifest pstree.remy@^1.1.8
44 silly fetch manifest semver@^7.5.3
45 silly fetch manifest simple-update-notifier@^2.0.0
46 silly fetch manifest supports-color@^5.5.0
47 silly fetch manifest touch@^3.1.0
48 silly fetch manifest undefsafe@^2.0.5
49 http fetch GET 200 https://registry.npmjs.org/chokidar 67ms (cache miss)
50 http fetch GET 200 https://registry.npmjs.org/undefsafe 74ms (cache miss)
51 http fetch GET 200 https://registry.npmjs.org/ignore-by-default 84ms (cache miss)
52 http fetch GET 200 https://registry.npmjs.org/simple-update-notifier 90ms (cache miss)
53 http fetch GET 200 https://registry.npmjs.org/debug 95ms (cache revalidated)
54 http fetch GET 200 https://registry.npmjs.org/semver 100ms (cache revalidated)
55 http fetch GET 200 https://registry.npmjs.org/pstree.remy 104ms (cache miss)
56 http fetch GET 200 https://registry.npmjs.org/touch 103ms (cache miss)
57 http fetch GET 200 https://registry.npmjs.org/supports-color 105ms (cache miss)
58 http fetch GET 200 https://registry.npmjs.org/minimatch 120ms (cache revalidated)
59 timing idealTree:#root Completed in 280ms
60 silly placeDep node_modules/nodemon chokidar@3.6.0 OK for: nodemon@3.1.4 want: ^3.5.2
61 silly placeDep node_modules/nodemon debug@4.3.6 OK for: nodemon@3.1.4 want: ^4
62 silly placeDep node_modules/nodemon ignore-by-default@1.0.1 OK for: nodemon@3.1.4 want: ^1.0.1
63 silly placeDep node_modules/nodemon minimatch@3.1.2 OK for: nodemon@3.1.4 want: ^3.1.2
64 silly placeDep node_modules/nodemon pstree.remy@1.1.8 OK for: nodemon@3.1.4 want: ^1.1.8
65 silly placeDep node_modules/nodemon semver@7.6.3 OK for: nodemon@3.1.4 want: ^7.5.3
66 silly placeDep node_modules/nodemon simple-update-notifier@2.0.0 OK for: nodemon@3.1.4 want: ^2.0.0
67 silly placeDep node_modules/nodemon supports-color@5.5.0 OK for: nodemon@3.1.4 want: ^5.5.0
68 silly placeDep node_modules/nodemon touch@3.1.1 OK for: nodemon@3.1.4 want: ^3.1.0
69 silly placeDep node_modules/nodemon undefsafe@2.0.5 OK for: nodemon@3.1.4 want: ^2.0.5
70 silly fetch manifest anymatch@~3.1.2
71 silly fetch manifest braces@~3.0.2
72 silly fetch manifest glob-parent@~5.1.2
73 silly fetch manifest is-binary-path@~2.1.0
74 silly fetch manifest is-glob@~4.0.1
75 silly fetch manifest normalize-path@~3.0.0
76 silly fetch manifest readdirp@~3.6.0
77 silly fetch manifest fsevents@~2.3.2
78 silly fetch manifest ms@2.1.2
79 silly fetch manifest brace-expansion@^1.1.7
80 silly fetch manifest has-flag@^3.0.0
81 http fetch GET 200 https://registry.npmjs.org/ms 46ms (cache revalidated)
82 http fetch GET 200 https://registry.npmjs.org/anymatch 51ms (cache miss)
83 http fetch GET 200 https://registry.npmjs.org/is-binary-path 55ms (cache miss)
84 http fetch GET 200 https://registry.npmjs.org/has-flag 53ms (cache miss)
85 http fetch GET 200 https://registry.npmjs.org/normalize-path 56ms (cache miss)
86 http fetch GET 200 https://registry.npmjs.org/is-glob 57ms (cache miss)
87 http fetch GET 200 https://registry.npmjs.org/glob-parent 59ms (cache miss)
88 http fetch GET 200 https://registry.npmjs.org/readdirp 60ms (cache miss)
89 http fetch GET 200 https://registry.npmjs.org/braces 62ms (cache miss)
90 http fetch GET 200 https://registry.npmjs.org/fsevents 64ms (cache miss)
91 http fetch GET 200 https://registry.npmjs.org/brace-expansion 85ms (cache revalidated)
92 timing idealTree:node_modules/nodemon Completed in 98ms
93 silly placeDep node_modules/nodemon anymatch@3.1.3 OK for: chokidar@3.6.0 want: ~3.1.2
94 silly placeDep node_modules/nodemon braces@3.0.3 OK for: chokidar@3.6.0 want: ~3.0.2
95 silly placeDep node_modules/nodemon fsevents@2.3.3 OK for: chokidar@3.6.0 want: ~2.3.2
96 silly placeDep node_modules/nodemon glob-parent@5.1.2 OK for: chokidar@3.6.0 want: ~5.1.2
97 silly placeDep node_modules/nodemon is-binary-path@2.1.0 OK for: chokidar@3.6.0 want: ~2.1.0
98 silly placeDep node_modules/nodemon is-glob@4.0.3 OK for: chokidar@3.6.0 want: ~4.0.1
99 silly placeDep node_modules/nodemon normalize-path@3.0.0 OK for: chokidar@3.6.0 want: ~3.0.0
100 silly placeDep node_modules/nodemon readdirp@3.6.0 OK for: chokidar@3.6.0 want: ~3.6.0
101 silly fetch manifest normalize-path@^3.0.0
102 silly fetch manifest picomatch@^2.0.4
103 silly fetch manifest fill-range@^7.1.1
104 silly fetch manifest is-glob@^4.0.1
105 silly fetch manifest binary-extensions@^2.0.0
106 silly fetch manifest is-extglob@^2.1.1
107 silly fetch manifest picomatch@^2.2.1
108 http fetch GET 200 https://registry.npmjs.org/is-extglob 42ms (cache miss)
109 http fetch GET 200 https://registry.npmjs.org/picomatch 44ms (cache miss)
110 http fetch GET 200 https://registry.npmjs.org/picomatch 50ms (cache miss)
111 http fetch GET 200 https://registry.npmjs.org/binary-extensions 51ms (cache miss)
112 http fetch GET 200 https://registry.npmjs.org/fill-range 54ms (cache miss)
113 timing idealTree:node_modules/nodemon/node_modules/chokidar Completed in 63ms
114 silly placeDep node_modules/nodemon picomatch@2.3.1 OK for: anymatch@3.1.3 want: ^2.0.4
115 timing idealTree:node_modules/nodemon/node_modules/anymatch Completed in 1ms
116 silly placeDep node_modules/nodemon fill-range@7.1.1 OK for: braces@3.0.3 want: ^7.1.1
117 silly fetch manifest to-regex-range@^5.0.1
118 http fetch GET 200 https://registry.npmjs.org/to-regex-range 36ms (cache miss)
119 timing idealTree:node_modules/nodemon/node_modules/braces Completed in 37ms
120 silly placeDep node_modules/nodemon ms@2.1.2 OK for: debug@4.3.6 want: 2.1.2
121 timing idealTree:node_modules/nodemon/node_modules/debug Completed in 0ms
122 silly placeDep node_modules/nodemon to-regex-range@5.0.1 OK for: fill-range@7.1.1 want: ^5.0.1
123 silly fetch manifest is-number@^7.0.0
124 http fetch GET 200 https://registry.npmjs.org/is-number 34ms (cache miss)
125 timing idealTree:node_modules/nodemon/node_modules/fill-range Completed in 36ms
126 timing idealTree:node_modules/nodemon/node_modules/fsevents Completed in 0ms
127 timing idealTree:node_modules/nodemon/node_modules/glob-parent Completed in 0ms
128 timing idealTree:node_modules/nodemon/node_modules/ignore-by-default Completed in 0ms
129 silly placeDep node_modules/nodemon binary-extensions@2.3.0 OK for: is-binary-path@2.1.0 want: ^2.0.0
130 timing idealTree:node_modules/nodemon/node_modules/is-binary-path Completed in 1ms
131 timing idealTree:node_modules/nodemon/node_modules/binary-extensions Completed in 0ms
132 silly placeDep node_modules/nodemon is-extglob@2.1.1 OK for: is-glob@4.0.3 want: ^2.1.1
133 timing idealTree:node_modules/nodemon/node_modules/is-glob Completed in 0ms
134 timing idealTree:node_modules/nodemon/node_modules/is-extglob Completed in 0ms
135 silly placeDep node_modules/nodemon brace-expansion@1.1.11 OK for: minimatch@3.1.2 want: ^1.1.7
136 silly fetch manifest balanced-match@^1.0.0
137 silly fetch manifest concat-map@0.0.1
138 http fetch GET 200 https://registry.npmjs.org/balanced-match 22ms (cache revalidated)
139 http fetch GET 200 https://registry.npmjs.org/concat-map 38ms (cache revalidated)
140 timing idealTree:node_modules/nodemon/node_modules/minimatch Completed in 40ms
141 silly placeDep node_modules/nodemon balanced-match@1.0.2 OK for: brace-expansion@1.1.11 want: ^1.0.0
142 silly placeDep node_modules/nodemon concat-map@0.0.1 OK for: brace-expansion@1.1.11 want: 0.0.1
143 timing idealTree:node_modules/nodemon/node_modules/brace-expansion Completed in 1ms
144 timing idealTree:node_modules/nodemon/node_modules/balanced-match Completed in 0ms
145 timing idealTree:node_modules/nodemon/node_modules/concat-map Completed in 1ms
146 timing idealTree:node_modules/nodemon/node_modules/ms Completed in 0ms
147 timing idealTree:node_modules/nodemon/node_modules/normalize-path Completed in 0ms
148 timing idealTree:node_modules/nodemon/node_modules/picomatch Completed in 0ms
149 timing idealTree:node_modules/nodemon/node_modules/pstree.remy Completed in 0ms
150 timing idealTree:node_modules/nodemon/node_modules/readdirp Completed in 0ms
151 timing idealTree:node_modules/nodemon/node_modules/semver Completed in 0ms
152 timing idealTree:node_modules/nodemon/node_modules/simple-update-notifier Completed in 0ms
153 silly placeDep node_modules/nodemon has-flag@3.0.0 OK for: supports-color@5.5.0 want: ^3.0.0
154 timing idealTree:node_modules/nodemon/node_modules/supports-color Completed in 0ms
155 timing idealTree:node_modules/nodemon/node_modules/has-flag Completed in 0ms
156 silly placeDep node_modules/nodemon is-number@7.0.0 OK for: to-regex-range@5.0.1 want: ^7.0.0
157 timing idealTree:node_modules/nodemon/node_modules/to-regex-range Completed in 1ms
158 timing idealTree:node_modules/nodemon/node_modules/is-number Completed in 0ms
159 timing idealTree:node_modules/nodemon/node_modules/touch Completed in 0ms
160 timing idealTree:node_modules/nodemon/node_modules/undefsafe Completed in 0ms
161 timing idealTree:buildDeps Completed in 565ms
162 timing idealTree:fixDepFlags Completed in 0ms
163 timing idealTree Completed in 572ms
164 timing reify:loadTrees Completed in 574ms
165 timing reify:diffTrees Completed in 1ms
166 silly reify moves {}
167 timing reify:retireShallow Completed in 1ms
168 timing reify:createSparse Completed in 8ms
169 timing reify:loadBundles Completed in 0ms
170 verbose reify failed optional dependency C:\Evangadi\Phase-4\Evangadi-Forum\UsershenokAppDataRoamingnpm\node_modules\nodemon\node_modules\fsevents
171 silly reify mark deleted [
171 silly reify   'C:\\Evangadi\\Phase-4\\Evangadi-Forum\\UsershenokAppDataRoamingnpm\\node_modules\\nodemon\\node_modules\\fsevents'
171 silly reify ]
172 timing reifyNode:node_modules/nodemon/node_modules/fsevents Completed in 3ms
173 silly tarball no local data for nodemon@https://registry.npmjs.org/nodemon/-/nodemon-3.1.4.tgz. Extracting by manifest.
174 silly tarball no local data for is-number@https://registry.npmjs.org/is-number/-/is-number-7.0.0.tgz. Extracting by manifest.
175 silly tarball no local data for has-flag@https://registry.npmjs.org/has-flag/-/has-flag-3.0.0.tgz. Extracting by manifest.
176 silly tarball no local data for is-extglob@https://registry.npmjs.org/is-extglob/-/is-extglob-2.1.1.tgz. Extracting by manifest.
177 silly tarball no local data for to-regex-range@https://registry.npmjs.org/to-regex-range/-/to-regex-range-5.0.1.tgz. Extracting by manifest.
178 silly tarball no local data for binary-extensions@https://registry.npmjs.org/binary-extensions/-/binary-extensions-2.3.0.tgz. Extracting by manifest.
179 silly tarball no local data for fill-range@https://registry.npmjs.org/fill-range/-/fill-range-7.1.1.tgz. Extracting by manifest.
180 silly tarball no local data for readdirp@https://registry.npmjs.org/readdirp/-/readdirp-3.6.0.tgz. Extracting by manifest.
181 silly tarball no local data for normalize-path@https://registry.npmjs.org/normalize-path/-/normalize-path-3.0.0.tgz. Extracting by manifest.
182 silly tarball no local data for glob-parent@https://registry.npmjs.org/glob-parent/-/glob-parent-5.1.2.tgz. Extracting by manifest.
183 silly tarball no local data for is-glob@https://registry.npmjs.org/is-glob/-/is-glob-4.0.3.tgz. Extracting by manifest.
184 silly tarball no local data for picomatch@https://registry.npmjs.org/picomatch/-/picomatch-2.3.1.tgz. Extracting by manifest.
185 silly tarball no local data for braces@https://registry.npmjs.org/braces/-/braces-3.0.3.tgz. Extracting by manifest.
186 silly tarball no local data for is-binary-path@https://registry.npmjs.org/is-binary-path/-/is-binary-path-2.1.0.tgz. Extracting by manifest.
187 silly tarball no local data for anymatch@https://registry.npmjs.org/anymatch/-/anymatch-3.1.3.tgz. Extracting by manifest.
188 silly tarball no local data for undefsafe@https://registry.npmjs.org/undefsafe/-/undefsafe-2.0.5.tgz. Extracting by manifest.
189 silly tarball no local data for supports-color@https://registry.npmjs.org/supports-color/-/supports-color-5.5.0.tgz. Extracting by manifest.
190 silly tarball no local data for simple-update-notifier@https://registry.npmjs.org/simple-update-notifier/-/simple-update-notifier-2.0.0.tgz. Extracting by manifest.
191 silly tarball no local data for touch@https://registry.npmjs.org/touch/-/touch-3.1.1.tgz. Extracting by manifest.
192 silly tarball no local data for pstree.remy@https://registry.npmjs.org/pstree.remy/-/pstree.remy-1.1.8.tgz. Extracting by manifest.
193 silly tarball no local data for chokidar@https://registry.npmjs.org/chokidar/-/chokidar-3.6.0.tgz. Extracting by manifest.
194 silly tarball no local data for ignore-by-default@https://registry.npmjs.org/ignore-by-default/-/ignore-by-default-1.0.1.tgz. Extracting by manifest.
195 http fetch GET 200 https://registry.npmjs.org/is-extglob/-/is-extglob-2.1.1.tgz 114ms (cache miss)
196 timing reifyNode:node_modules/nodemon/node_modules/brace-expansion Completed in 133ms
197 http fetch GET 200 https://registry.npmjs.org/normalize-path/-/normalize-path-3.0.0.tgz 115ms (cache miss)
198 timing reifyNode:node_modules/nodemon/node_modules/ms Completed in 133ms
199 http fetch GET 200 https://registry.npmjs.org/fill-range/-/fill-range-7.1.1.tgz 118ms (cache miss)
200 timing reifyNode:node_modules/nodemon/node_modules/is-extglob Completed in 136ms
201 http fetch GET 200 https://registry.npmjs.org/has-flag/-/has-flag-3.0.0.tgz 125ms (cache miss)
202 timing reifyNode:node_modules/nodemon/node_modules/has-flag Completed in 140ms
203 timing reifyNode:node_modules/nodemon/node_modules/normalize-path Completed in 140ms
204 timing reifyNode:node_modules/nodemon/node_modules/minimatch Completed in 142ms
205 timing reifyNode:node_modules/nodemon/node_modules/fill-range Completed in 143ms
206 http fetch GET 200 https://registry.npmjs.org/is-number/-/is-number-7.0.0.tgz 131ms (cache miss)
207 timing reifyNode:node_modules/nodemon/node_modules/is-number Completed in 145ms
208 http fetch GET 200 https://registry.npmjs.org/to-regex-range/-/to-regex-range-5.0.1.tgz 129ms (cache miss)
209 timing reifyNode:node_modules/nodemon/node_modules/to-regex-range Completed in 145ms
210 http fetch GET 200 https://registry.npmjs.org/is-glob/-/is-glob-4.0.3.tgz 127ms (cache miss)
211 timing reifyNode:node_modules/nodemon/node_modules/is-glob Completed in 145ms
212 http fetch GET 200 https://registry.npmjs.org/readdirp/-/readdirp-3.6.0.tgz 128ms (cache miss)
213 http fetch GET 200 https://registry.npmjs.org/supports-color/-/supports-color-5.5.0.tgz 125ms (cache miss)
214 timing reifyNode:node_modules/nodemon/node_modules/balanced-match Completed in 147ms
215 http fetch GET 200 https://registry.npmjs.org/glob-parent/-/glob-parent-5.1.2.tgz 128ms (cache miss)
216 http fetch GET 200 https://registry.npmjs.org/ignore-by-default/-/ignore-by-default-1.0.1.tgz 120ms (cache miss)
217 timing reifyNode:node_modules/nodemon/node_modules/readdirp Completed in 148ms
218 timing reifyNode:node_modules/nodemon/node_modules/ignore-by-default Completed in 149ms
219 timing reifyNode:node_modules/nodemon/node_modules/glob-parent Completed in 149ms
220 timing reifyNode:node_modules/nodemon/node_modules/supports-color Completed in 151ms
221 http fetch GET 200 https://registry.npmjs.org/binary-extensions/-/binary-extensions-2.3.0.tgz 139ms (cache miss)
222 http fetch GET 200 https://registry.npmjs.org/touch/-/touch-3.1.1.tgz 133ms (cache miss)
223 timing reifyNode:node_modules/nodemon/node_modules/concat-map Completed in 158ms
224 timing reifyNode:node_modules/nodemon/node_modules/debug Completed in 158ms
225 timing reifyNode:node_modules/nodemon/node_modules/touch Completed in 158ms
226 timing reifyNode:node_modules/nodemon/node_modules/binary-extensions Completed in 159ms
227 http fetch GET 200 https://registry.npmjs.org/is-binary-path/-/is-binary-path-2.1.0.tgz 139ms (cache miss)
228 timing reifyNode:node_modules/nodemon/node_modules/is-binary-path Completed in 162ms
229 http fetch GET 200 https://registry.npmjs.org/anymatch/-/anymatch-3.1.3.tgz 142ms (cache miss)
230 timing reifyNode:node_modules/nodemon/node_modules/anymatch Completed in 164ms
231 http fetch GET 200 https://registry.npmjs.org/undefsafe/-/undefsafe-2.0.5.tgz 148ms (cache miss)
232 timing reifyNode:node_modules/nodemon/node_modules/undefsafe Completed in 170ms
233 http fetch GET 200 https://registry.npmjs.org/chokidar/-/chokidar-3.6.0.tgz 150ms (cache miss)
234 timing reifyNode:node_modules/nodemon/node_modules/chokidar Completed in 173ms
235 http fetch GET 200 https://registry.npmjs.org/pstree.remy/-/pstree.remy-1.1.8.tgz 152ms (cache miss)
236 timing reifyNode:node_modules/nodemon/node_modules/pstree.remy Completed in 175ms
237 http fetch GET 200 https://registry.npmjs.org/simple-update-notifier/-/simple-update-notifier-2.0.0.tgz 160ms (cache miss)
238 timing reifyNode:node_modules/nodemon/node_modules/simple-update-notifier Completed in 182ms
239 http fetch GET 200 https://registry.npmjs.org/braces/-/braces-3.0.3.tgz 165ms (cache miss)
240 timing reifyNode:node_modules/nodemon/node_modules/braces Completed in 184ms
241 http fetch GET 200 https://registry.npmjs.org/picomatch/-/picomatch-2.3.1.tgz 165ms (cache miss)
242 timing reifyNode:node_modules/nodemon/node_modules/picomatch Completed in 185ms
243 timing reifyNode:node_modules/nodemon/node_modules/semver Completed in 216ms
244 http fetch GET 200 https://registry.npmjs.org/nodemon/-/nodemon-3.1.4.tgz 302ms (cache miss)
245 timing reifyNode:node_modules/nodemon Completed in 316ms
246 timing reify:unpack Completed in 316ms
247 timing reify:unretire Completed in 0ms
248 timing build:queue Completed in 2ms
249 timing build:link:node_modules/nodemon Completed in 7ms
250 timing build:link:node_modules/nodemon/node_modules/touch Completed in 6ms
251 timing build:link:node_modules/nodemon/node_modules/semver Completed in 7ms
252 timing build:link Completed in 7ms
253 timing build:run:install Completed in 0ms
254 timing build:deps Completed in 9ms
255 timing build Completed in 9ms
256 timing reify:build Completed in 9ms
257 timing reify:trash Completed in 1ms
258 timing reify Completed in 913ms
259 silly ADD node_modules/nodemon
260 silly ADD node_modules/nodemon/node_modules/is-number
261 silly ADD node_modules/nodemon/node_modules/has-flag
262 silly ADD node_modules/nodemon/node_modules/concat-map
263 silly ADD node_modules/nodemon/node_modules/balanced-match
264 silly ADD node_modules/nodemon/node_modules/brace-expansion
265 silly ADD node_modules/nodemon/node_modules/is-extglob
266 silly ADD node_modules/nodemon/node_modules/binary-extensions
267 silly ADD node_modules/nodemon/node_modules/to-regex-range
268 silly ADD node_modules/nodemon/node_modules/ms
269 silly ADD node_modules/nodemon/node_modules/fill-range
270 silly ADD node_modules/nodemon/node_modules/picomatch
271 silly ADD node_modules/nodemon/node_modules/readdirp
272 silly ADD node_modules/nodemon/node_modules/normalize-path
273 silly ADD node_modules/nodemon/node_modules/is-glob
274 silly ADD node_modules/nodemon/node_modules/is-binary-path
275 silly ADD node_modules/nodemon/node_modules/glob-parent
276 silly ADD
277 silly ADD node_modules/nodemon/node_modules/braces
278 silly ADD node_modules/nodemon/node_modules/anymatch
279 silly ADD node_modules/nodemon/node_modules/undefsafe
280 silly ADD node_modules/nodemon/node_modules/touch
281 silly ADD node_modules/nodemon/node_modules/supports-color
282 silly ADD node_modules/nodemon/node_modules/simple-update-notifier
283 silly ADD node_modules/nodemon/node_modules/semver
284 silly ADD node_modules/nodemon/node_modules/pstree.remy
285 silly ADD node_modules/nodemon/node_modules/minimatch
286 silly ADD node_modules/nodemon/node_modules/ignore-by-default
287 silly ADD node_modules/nodemon/node_modules/debug
288 silly ADD node_modules/nodemon/node_modules/chokidar
289 timing command:install Completed in 918ms
290 verbose exit 0
291 timing npm Completed in 1268ms
292 info ok
