0 verbose cli C:\Program Files\nodejs\node.exe C:\Program Files\nodejs\node_modules\npm\bin\npm-cli.js
1 info using npm@10.5.2
2 info using node@v20.13.1
3 timing npm:load:whichnode Completed in 1ms
4 timing config:load:defaults Completed in 1ms
5 timing config:load:file:C:\Program Files\nodejs\node_modules\npm\npmrc Completed in 1ms
6 timing config:load:builtin Completed in 2ms
7 timing config:load:cli Completed in 1ms
8 timing config:load:env Completed in 1ms
9 timing config:load:file:C:\Evangadi\Phase-4\Evangadi-Forum\.npmrc Completed in 0ms
10 timing config:load:project Completed in 1ms
11 timing config:load:file:C:\Users\henok\.npmrc Completed in 0ms
12 timing config:load:user Completed in 0ms
13 timing config:load:file:C:\Evangadi\Phase-4\Evangadi-Forum\UsershenokAppDataRoamingnpm\etc\npmrc Completed in 0ms
14 timing config:load:global Completed in 1ms
15 timing config:load:setEnvs Completed in 0ms
16 timing config:load Completed in 7ms
17 timing npm:load:configload Completed in 7ms
18 timing config:load:flatten Completed in 2ms
19 timing npm:load:mkdirpcache Completed in 0ms
20 timing npm:load:mkdirplogs Completed in 0ms
21 verbose title npm install nodemon
22 verbose argv "install" "--save-dev" "nodemon"
23 timing npm:load:setTitle Completed in 1ms
24 timing npm:load:display Completed in 1ms
25 verbose logfile logs-max:10 dir:C:\Evangadi\Phase-4\Evangadi-Forum\UsershenokAppDataLocalnpm-cache\_logs\2024-07-28T04_38_13_914Z-
26 verbose logfile C:\Evangadi\Phase-4\Evangadi-Forum\UsershenokAppDataLocalnpm-cache\_logs\2024-07-28T04_38_13_914Z-debug-0.log
27 timing npm:load:logFile Completed in 5ms
28 timing npm:load:timers Completed in 0ms
29 timing npm:load:configScope Completed in 0ms
30 timing npm:load Completed in 33ms
31 timing arborist:ctor Completed in 1ms
32 silly logfile done cleaning log files
33 timing idealTree:init Completed in 38ms
34 timing idealTree:userRequests Completed in 1ms
35 silly idealTree buildDeps
36 silly fetch manifest nodemon@*
37 timing arborist:ctor Completed in 0ms
38 http fetch GET 200 https://registry.npmjs.org/nodemon 33ms (cache hit)
39 silly placeDep ROOT nodemon@3.1.4 OK for: evangadi-forum@1.0.0 want: *
40 silly fetch manifest chokidar@^3.5.2
41 silly fetch manifest debug@^4
42 silly fetch manifest ignore-by-default@^1.0.1
43 silly fetch manifest pstree.remy@^1.1.8
44 silly fetch manifest simple-update-notifier@^2.0.0
45 silly fetch manifest supports-color@^5.5.0
46 silly fetch manifest touch@^3.1.0
47 silly fetch manifest undefsafe@^2.0.5
48 http fetch GET 200 https://registry.npmjs.org/simple-update-notifier 14ms (cache hit)
49 http fetch GET 200 https://registry.npmjs.org/chokidar 16ms (cache hit)
50 http fetch GET 200 https://registry.npmjs.org/supports-color 18ms (cache hit)
51 http fetch GET 200 https://registry.npmjs.org/pstree.remy 20ms (cache hit)
52 http fetch GET 200 https://registry.npmjs.org/touch 22ms (cache hit)
53 http fetch GET 200 https://registry.npmjs.org/debug 24ms (cache hit)
54 http fetch GET 200 https://registry.npmjs.org/ignore-by-default 26ms (cache hit)
55 http fetch GET 200 https://registry.npmjs.org/undefsafe 25ms (cache hit)
56 timing idealTree:#root Completed in 71ms
57 silly placeDep ROOT chokidar@3.6.0 OK for: nodemon@3.1.4 want: ^3.5.2
58 silly placeDep node_modules/nodemon debug@4.3.6 OK for: nodemon@3.1.4 want: ^4
59 silly placeDep ROOT ignore-by-default@1.0.1 OK for: nodemon@3.1.4 want: ^1.0.1
60 silly placeDep ROOT pstree.remy@1.1.8 OK for: nodemon@3.1.4 want: ^1.1.8
61 silly placeDep ROOT simple-update-notifier@2.0.0 OK for: nodemon@3.1.4 want: ^2.0.0
62 silly placeDep ROOT supports-color@5.5.0 OK for: nodemon@3.1.4 want: ^5.5.0
63 silly placeDep ROOT touch@3.1.1 OK for: nodemon@3.1.4 want: ^3.1.0
64 silly placeDep ROOT undefsafe@2.0.5 OK for: nodemon@3.1.4 want: ^2.0.5
65 silly fetch manifest anymatch@~3.1.2
66 silly fetch manifest braces@~3.0.2
67 silly fetch manifest glob-parent@~5.1.2
68 silly fetch manifest is-binary-path@~2.1.0
69 silly fetch manifest is-glob@~4.0.1
70 silly fetch manifest normalize-path@~3.0.0
71 silly fetch manifest readdirp@~3.6.0
72 silly fetch manifest fsevents@~2.3.2
73 silly fetch manifest ms@2.1.2
74 silly fetch manifest has-flag@^3.0.0
75 http fetch GET 200 https://registry.npmjs.org/is-glob 12ms (cache hit)
76 http fetch GET 200 https://registry.npmjs.org/anymatch 14ms (cache hit)
77 http fetch GET 200 https://registry.npmjs.org/braces 15ms (cache hit)
78 http fetch GET 200 https://registry.npmjs.org/glob-parent 15ms (cache hit)
79 http fetch GET 200 https://registry.npmjs.org/readdirp 15ms (cache hit)
80 http fetch GET 200 https://registry.npmjs.org/normalize-path 17ms (cache hit)
81 http fetch GET 200 https://registry.npmjs.org/is-binary-path 18ms (cache hit)
82 http fetch GET 200 https://registry.npmjs.org/fsevents 18ms (cache hit)
83 http fetch GET 200 https://registry.npmjs.org/has-flag 20ms (cache hit)
84 http fetch GET 200 https://registry.npmjs.org/ms 21ms (cache hit)
85 timing idealTree:node_modules/nodemon Completed in 33ms
86 silly placeDep ROOT anymatch@3.1.3 OK for: chokidar@3.6.0 want: ~3.1.2
87 silly placeDep ROOT braces@3.0.3 OK for: chokidar@3.6.0 want: ~3.0.2
88 silly placeDep ROOT fsevents@2.3.3 OK for: chokidar@3.6.0 want: ~2.3.2
89 silly placeDep ROOT glob-parent@5.1.2 OK for: chokidar@3.6.0 want: ~5.1.2
90 silly placeDep ROOT is-binary-path@2.1.0 OK for: chokidar@3.6.0 want: ~2.1.0
91 silly placeDep ROOT is-glob@4.0.3 OK for: chokidar@3.6.0 want: ~4.0.1
92 silly placeDep ROOT normalize-path@3.0.0 OK for: chokidar@3.6.0 want: ~3.0.0
93 silly placeDep ROOT readdirp@3.6.0 OK for: chokidar@3.6.0 want: ~3.6.0
94 silly fetch manifest normalize-path@^3.0.0
95 silly fetch manifest picomatch@^2.0.4
96 silly fetch manifest fill-range@^7.1.1
97 silly fetch manifest is-glob@^4.0.1
98 silly fetch manifest binary-extensions@^2.0.0
99 silly fetch manifest is-extglob@^2.1.1
100 silly fetch manifest picomatch@^2.2.1
101 http fetch GET 200 https://registry.npmjs.org/binary-extensions 9ms (cache hit)
102 http fetch GET 200 https://registry.npmjs.org/is-extglob 11ms (cache hit)
103 http fetch GET 200 https://registry.npmjs.org/picomatch 12ms (cache hit)
104 http fetch GET 200 https://registry.npmjs.org/fill-range 14ms (cache hit)
105 http fetch GET 200 https://registry.npmjs.org/picomatch 13ms (cache hit)
106 timing idealTree:node_modules/chokidar Completed in 22ms
107 silly placeDep ROOT picomatch@2.3.1 OK for: anymatch@3.1.3 want: ^2.0.4
108 timing idealTree:node_modules/anymatch Completed in 1ms
109 silly placeDep ROOT fill-range@7.1.1 OK for: braces@3.0.3 want: ^7.1.1
110 silly fetch manifest to-regex-range@^5.0.1
111 http fetch GET 200 https://registry.npmjs.org/to-regex-range 5ms (cache hit)
112 timing idealTree:node_modules/braces Completed in 6ms
113 silly placeDep ROOT to-regex-range@5.0.1 OK for: fill-range@7.1.1 want: ^5.0.1
114 silly fetch manifest is-number@^7.0.0
115 http fetch GET 200 https://registry.npmjs.org/is-number 3ms (cache hit)
116 timing idealTree:node_modules/fill-range Completed in 5ms
117 timing idealTree:node_modules/fsevents Completed in 0ms
118 timing idealTree:node_modules/glob-parent Completed in 0ms
119 timing idealTree:node_modules/ignore-by-default Completed in 0ms
120 silly placeDep ROOT binary-extensions@2.3.0 OK for: is-binary-path@2.1.0 want: ^2.0.0
121 timing idealTree:node_modules/is-binary-path Completed in 1ms
122 timing idealTree:node_modules/binary-extensions Completed in 0ms
123 silly placeDep ROOT is-extglob@2.1.1 OK for: is-glob@4.0.3 want: ^2.1.1
124 timing idealTree:node_modules/is-glob Completed in 1ms
125 timing idealTree:node_modules/is-extglob Completed in 0ms
126 timing idealTree:node_modules/normalize-path Completed in 0ms
127 timing idealTree:node_modules/picomatch Completed in 0ms
128 timing idealTree:node_modules/pstree.remy Completed in 0ms
129 timing idealTree:node_modules/readdirp Completed in 0ms
130 timing idealTree:node_modules/simple-update-notifier Completed in 0ms
131 silly placeDep ROOT has-flag@3.0.0 OK for: supports-color@5.5.0 want: ^3.0.0
132 timing idealTree:node_modules/supports-color Completed in 1ms
133 timing idealTree:node_modules/has-flag Completed in 0ms
134 silly placeDep ROOT is-number@7.0.0 OK for: to-regex-range@5.0.1 want: ^7.0.0
135 timing idealTree:node_modules/to-regex-range Completed in 0ms
136 timing idealTree:node_modules/is-number Completed in 0ms
137 timing idealTree:node_modules/touch Completed in 0ms
138 timing idealTree:node_modules/undefsafe Completed in 0ms
139 silly placeDep node_modules/nodemon ms@2.1.2 OK for: debug@4.3.6 want: 2.1.2
140 timing idealTree:node_modules/nodemon/node_modules/debug Completed in 1ms
141 timing idealTree:node_modules/nodemon/node_modules/ms Completed in 0ms
142 timing idealTree:buildDeps Completed in 143ms
143 timing idealTree:fixDepFlags Completed in 1ms
144 timing idealTree Completed in 184ms
145 timing reify:loadTrees Completed in 186ms
146 timing reify:diffTrees Completed in 3ms
147 silly reify moves {}
148 timing reify:retireShallow Completed in 0ms
149 timing reify:createSparse Completed in 3ms
150 timing reify:loadBundles Completed in 0ms
151 silly audit bulk request {
151 silly audit   '@mapbox/node-pre-gyp': [ '1.0.11' ],
151 silly audit   abbrev: [ '1.1.1' ],
151 silly audit   accepts: [ '1.3.8' ],
151 silly audit   'agent-base': [ '6.0.2' ],
151 silly audit   debug: [ '4.3.6', '2.6.9' ],
151 silly audit   ms: [ '2.1.2', '2.1.3', '2.0.0' ],
151 silly audit   'ansi-regex': [ '5.0.1' ],
151 silly audit   aproba: [ '2.0.0' ],
151 silly audit   'are-we-there-yet': [ '2.0.0' ],
151 silly audit   'array-flatten': [ '1.1.1' ],
151 silly audit   'aws-ssl-profiles': [ '1.1.1' ],
151 silly audit   'balanced-match': [ '1.0.2' ],
151 silly audit   bcrypt: [ '5.1.1' ],
151 silly audit   'body-parser': [ '1.20.2' ],
151 silly audit   'iconv-lite': [ '0.4.24', '0.6.3' ],
151 silly audit   'brace-expansion': [ '1.1.11' ],
151 silly audit   'buffer-equal-constant-time': [ '1.0.1' ],
151 silly audit   bytes: [ '3.1.2' ],
151 silly audit   'call-bind': [ '1.0.7' ],
151 silly audit   chownr: [ '2.0.0' ],
151 silly audit   'color-support': [ '1.1.3' ],
151 silly audit   'concat-map': [ '0.0.1' ],
151 silly audit   'console-control-strings': [ '1.1.0' ],
151 silly audit   'content-disposition': [ '0.5.4' ],
151 silly audit   'content-type': [ '1.0.5' ],
151 silly audit   cookie: [ '0.6.0' ],
151 silly audit   'cookie-signature': [ '1.0.6' ],
151 silly audit   'define-data-property': [ '1.1.4' ],
151 silly audit   delegates: [ '1.0.0' ],
151 silly audit   denque: [ '2.1.0' ],
151 silly audit   depd: [ '2.0.0' ],
151 silly audit   destroy: [ '1.2.0' ],
151 silly audit   'detect-libc': [ '2.0.3' ],
151 silly audit   'ecdsa-sig-formatter': [ '1.0.11' ],
151 silly audit   'ee-first': [ '1.1.1' ],
151 silly audit   'emoji-regex': [ '8.0.0' ],
151 silly audit   encodeurl: [ '1.0.2' ],
151 silly audit   'es-define-property': [ '1.0.0' ],
151 silly audit   'es-errors': [ '1.3.0' ],
151 silly audit   'escape-html': [ '1.0.3' ],
151 silly audit   etag: [ '1.8.1' ],
151 silly audit   express: [ '4.19.2' ],
151 silly audit   finalhandler: [ '1.2.0' ],
151 silly audit   forwarded: [ '0.2.0' ],
151 silly audit   fresh: [ '0.5.2' ],
151 silly audit   'fs-minipass': [ '2.1.0' ],
151 silly audit   minipass: [ '3.3.6', '5.0.0' ],
151 silly audit   'fs.realpath': [ '1.0.0' ],
151 silly audit   'function-bind': [ '1.1.2' ],
151 silly audit   gauge: [ '3.0.2' ],
151 silly audit   'generate-function': [ '2.3.1' ],
151 silly audit   'get-intrinsic': [ '1.2.4' ],
151 silly audit   glob: [ '7.2.3' ],
151 silly audit   gopd: [ '1.0.1' ],
151 silly audit   'has-property-descriptors': [ '1.0.2' ],
151 silly audit   'has-proto': [ '1.0.3' ],
151 silly audit   'has-symbols': [ '1.0.3' ],
151 silly audit   'has-unicode': [ '2.0.1' ],
151 silly audit   hasown: [ '2.0.2' ],
151 silly audit   'http-errors': [ '2.0.0' ],
151 silly audit   'http-status-codes': [ '2.3.0' ],
151 silly audit   'https-proxy-agent': [ '5.0.1' ],
151 silly audit   inflight: [ '1.0.6' ],
151 silly audit   inherits: [ '2.0.4' ],
151 silly audit   'ipaddr.js': [ '1.9.1' ],
151 silly audit   'is-fullwidth-code-point': [ '3.0.0' ],
151 silly audit   'is-property': [ '1.0.2' ],
151 silly audit   jsonwebtoken: [ '9.0.2' ],
151 silly audit   jwa: [ '1.4.1' ],
151 silly audit   jws: [ '3.2.2' ],
151 silly audit   'lodash.includes': [ '4.3.0' ],
151 silly audit   'lodash.isboolean': [ '3.0.3' ],
151 silly audit   'lodash.isinteger': [ '4.0.4' ],
151 silly audit   'lodash.isnumber': [ '3.0.3' ],
151 silly audit   'lodash.isplainobject': [ '4.0.6' ],
151 silly audit   'lodash.isstring': [ '4.0.1' ],
151 silly audit   'lodash.once': [ '4.1.1' ],
151 silly audit   long: [ '5.2.3' ],
151 silly audit   'lru-cache': [ '8.0.5', '7.18.3' ],
151 silly audit   'make-dir': [ '3.1.0' ],
151 silly audit   semver: [ '6.3.1', '7.6.3' ],
151 silly audit   'media-typer': [ '0.3.0' ],
151 silly audit   'merge-descriptors': [ '1.0.1' ],
151 silly audit   methods: [ '1.1.2' ],
151 silly audit   mime: [ '1.6.0' ],
151 silly audit   'mime-db': [ '1.52.0' ],
151 silly audit   'mime-types': [ '2.1.35' ],
151 silly audit   minimatch: [ '3.1.2' ],
151 silly audit   minizlib: [ '2.1.2' ],
151 silly audit   mkdirp: [ '1.0.4' ],
151 silly audit   mysql2: [ '3.10.3' ],
151 silly audit   'named-placeholders': [ '1.1.3' ],
151 silly audit   negotiator: [ '0.6.3' ],
151 silly audit   'node-addon-api': [ '5.1.0' ],
151 silly audit   'node-fetch': [ '2.7.0' ],
151 silly audit   nopt: [ '5.0.0' ],
151 silly audit   npmlog: [ '5.0.1' ],
151 silly audit   'object-assign': [ '4.1.1' ],
151 silly audit   'object-inspect': [ '1.13.2' ],
151 silly audit   'on-finished': [ '2.4.1' ],
151 silly audit   once: [ '1.4.0' ],
151 silly audit   parseurl: [ '1.3.3' ],
151 silly audit   'path-is-absolute': [ '1.0.1' ],
151 silly audit   'path-to-regexp': [ '0.1.7' ],
151 silly audit   'proxy-addr': [ '2.0.7' ],
151 silly audit   qs: [ '6.11.0' ],
151 silly audit   'range-parser': [ '1.2.1' ],
151 silly audit   'raw-body': [ '2.5.2' ],
151 silly audit   'readable-stream': [ '3.6.2' ],
151 silly audit   rimraf: [ '3.0.2' ],
151 silly audit   'safe-buffer': [ '5.2.1' ],
151 silly audit   'safer-buffer': [ '2.1.2' ],
151 silly audit   send: [ '0.18.0' ],
151 silly audit   'seq-queue': [ '0.0.5' ],
151 silly audit   'serve-static': [ '1.15.0' ],
151 silly audit   'set-blocking': [ '2.0.0' ],
151 silly audit   'set-function-length': [ '1.2.2' ],
151 silly audit   setprototypeof: [ '1.2.0' ],
151 silly audit   'side-channel': [ '1.0.6' ],
151 silly audit   'signal-exit': [ '3.0.7' ],
151 silly audit   sqlstring: [ '2.3.3' ],
151 silly audit   statuses: [ '2.0.1' ],
151 silly audit   string_decoder: [ '1.3.0' ],
151 silly audit   'string-width': [ '4.2.3' ],
151 silly audit   'strip-ansi': [ '6.0.1' ],
151 silly audit   tar: [ '6.2.1' ],
151 silly audit   toidentifier: [ '1.0.1' ],
151 silly audit   tr46: [ '0.0.3' ],
151 silly audit   'type-is': [ '1.6.18' ],
151 silly audit   unpipe: [ '1.0.0' ],
151 silly audit   'util-deprecate': [ '1.0.2' ],
151 silly audit   'utils-merge': [ '1.0.1' ],
151 silly audit   vary: [ '1.1.2' ],
151 silly audit   'webidl-conversions': [ '3.0.1' ],
151 silly audit   'whatwg-url': [ '5.0.0' ],
151 silly audit   'wide-align': [ '1.1.5' ],
151 silly audit   wrappy: [ '1.0.2' ],
151 silly audit   yallist: [ '4.0.0' ],
151 silly audit   nodemon: [ '3.1.4' ],
151 silly audit   chokidar: [ '3.6.0' ],
151 silly audit   'ignore-by-default': [ '1.0.1' ],
151 silly audit   'pstree.remy': [ '1.1.8' ],
151 silly audit   'simple-update-notifier': [ '2.0.0' ],
151 silly audit   'supports-color': [ '5.5.0' ],
151 silly audit   touch: [ '3.1.1' ],
151 silly audit   undefsafe: [ '2.0.5' ],
151 silly audit   anymatch: [ '3.1.3' ],
151 silly audit   braces: [ '3.0.3' ],
151 silly audit   fsevents: [ '2.3.3' ],
151 silly audit   'glob-parent': [ '5.1.2' ],
151 silly audit   'is-binary-path': [ '2.1.0' ],
151 silly audit   'is-glob': [ '4.0.3' ],
151 silly audit   'normalize-path': [ '3.0.0' ],
151 silly audit   readdirp: [ '3.6.0' ],
151 silly audit   picomatch: [ '2.3.1' ],
151 silly audit   'fill-range': [ '7.1.1' ],
151 silly audit   'to-regex-range': [ '5.0.1' ],
151 silly audit   'binary-extensions': [ '2.3.0' ],
151 silly audit   'is-extglob': [ '2.1.1' ],
151 silly audit   'has-flag': [ '3.0.0' ],
151 silly audit   'is-number': [ '7.0.0' ]
151 silly audit }
152 verbose reify failed optional dependency C:\Evangadi\Phase-4\Evangadi-Forum\node_modules\fsevents
153 silly reify mark deleted [ 'C:\\Evangadi\\Phase-4\\Evangadi-Forum\\node_modules\\fsevents' ]
154 timing reifyNode:node_modules/fsevents Completed in 37ms
155 timing reifyNode:node_modules/is-extglob Completed in 98ms
156 timing reifyNode:node_modules/has-flag Completed in 98ms
157 timing reifyNode:node_modules/is-number Completed in 98ms
158 timing reifyNode:node_modules/normalize-path Completed in 97ms
159 timing reifyNode:node_modules/ignore-by-default Completed in 98ms
160 timing reifyNode:node_modules/to-regex-range Completed in 100ms
161 timing reifyNode:node_modules/fill-range Completed in 100ms
162 timing reifyNode:node_modules/nodemon/node_modules/ms Completed in 100ms
163 timing reifyNode:node_modules/is-glob Completed in 100ms
164 timing reifyNode:node_modules/is-binary-path Completed in 103ms
165 timing reifyNode:node_modules/anymatch Completed in 104ms
166 timing reifyNode:node_modules/supports-color Completed in 104ms
167 timing reifyNode:node_modules/glob-parent Completed in 104ms
168 timing reifyNode:node_modules/readdirp Completed in 105ms
169 timing reifyNode:node_modules/touch Completed in 105ms
170 timing reifyNode:node_modules/binary-extensions Completed in 110ms
171 timing reifyNode:node_modules/nodemon/node_modules/debug Completed in 111ms
172 timing reifyNode:node_modules/undefsafe Completed in 114ms
173 timing reifyNode:node_modules/chokidar Completed in 115ms
174 timing reifyNode:node_modules/braces Completed in 116ms
175 timing reifyNode:node_modules/picomatch Completed in 117ms
176 timing reifyNode:node_modules/pstree.remy Completed in 117ms
177 timing reifyNode:node_modules/simple-update-notifier Completed in 122ms
178 http fetch POST 200 https://registry.npmjs.org/-/npm/v1/security/advisories/bulk 190ms
179 timing auditReport:getReport Completed in 192ms
180 silly audit report {}
181 timing auditReport:init Completed in 0ms
182 timing reify:audit Completed in 194ms
183 timing reifyNode:node_modules/nodemon Completed in 258ms
184 timing reify:unpack Completed in 259ms
185 timing reify:unretire Completed in 0ms
186 timing build:queue Completed in 1ms
187 timing build:link:node_modules/touch Completed in 4ms
188 timing build:link:node_modules/nodemon Completed in 5ms
189 timing build:link Completed in 5ms
190 timing build:run:install Completed in 1ms
191 timing build:deps Completed in 7ms
192 timing build Completed in 7ms
193 timing reify:build Completed in 7ms
194 timing reify:trash Completed in 0ms
195 timing reify:save Completed in 41ms
196 timing reify Completed in 526ms
197 silly ADD node_modules/is-number
198 silly ADD node_modules/has-flag
199 silly ADD node_modules/is-extglob
200 silly ADD node_modules/binary-extensions
201 silly ADD node_modules/to-regex-range
202 silly ADD node_modules/fill-range
203 silly ADD node_modules/picomatch
204 silly ADD node_modules/readdirp
205 silly ADD node_modules/normalize-path
206 silly ADD node_modules/is-glob
207 silly ADD node_modules/is-binary-path
208 silly ADD node_modules/glob-parent
209 silly ADD
210 silly ADD node_modules/braces
211 silly ADD node_modules/anymatch
212 silly ADD node_modules/undefsafe
213 silly ADD node_modules/touch
214 silly ADD node_modules/supports-color
215 silly ADD node_modules/simple-update-notifier
216 silly ADD node_modules/pstree.remy
217 silly ADD node_modules/ignore-by-default
218 silly ADD node_modules/chokidar
219 silly ADD node_modules/nodemon
220 silly ADD node_modules/nodemon/node_modules/ms
221 silly ADD node_modules/nodemon/node_modules/debug
222 timing command:install Completed in 534ms
223 verbose exit 0
224 timing npm Completed in 893ms
225 info ok
