0 verbose cli C:\Program Files\nodejs\node.exe C:\Program Files\nodejs\node_modules\npm\bin\npm-cli.js
1 info using npm@10.5.2
2 info using node@v20.13.1
3 timing npm:load:whichnode Completed in 2ms
4 timing config:load:defaults Completed in 1ms
5 timing config:load:file:C:\Program Files\nodejs\node_modules\npm\npmrc Completed in 1ms
6 timing config:load:builtin Completed in 1ms
7 timing config:load:cli Completed in 1ms
8 timing config:load:env Completed in 1ms
9 timing config:load:file:C:\Evangadi\Phase-4\Evangadi-Forum\.npmrc Completed in 0ms
10 timing config:load:project Completed in 2ms
11 timing config:load:file:C:\Users\henok\.npmrc Completed in 0ms
12 timing config:load:user Completed in 1ms
13 timing config:load:file:C:\Evangadi\Phase-4\Evangadi-Forum\Client\UsershenokAppDataRoamingnpm\etc\npmrc Completed in 0ms
14 timing config:load:global Completed in 0ms
15 timing config:load:setEnvs Completed in 1ms
16 timing config:load Completed in 8ms
17 timing npm:load:configload Completed in 8ms
18 timing config:load:flatten Completed in 2ms
19 timing npm:load:mkdirpcache Completed in 0ms
20 timing npm:load:mkdirplogs Completed in 1ms
21 verbose title npm create vite@latest
22 verbose argv "create" "vite@latest"
23 timing npm:load:setTitle Completed in 0ms
24 timing npm:load:display Completed in 1ms
25 verbose logfile logs-max:10 dir:C:\Evangadi\Phase-4\Evangadi-Forum\Client\UsershenokAppDataLocalnpm-cache\_logs\2024-07-29T04_19_41_721Z-
26 verbose logfile C:\Evangadi\Phase-4\Evangadi-Forum\Client\UsershenokAppDataLocalnpm-cache\_logs\2024-07-29T04_19_41_721Z-debug-0.log
27 timing npm:load:logFile Completed in 3ms
28 timing npm:load:timers Completed in 0ms
29 timing npm:load:configScope Completed in 0ms
30 timing npm:load Completed in 36ms
31 silly logfile done cleaning log files
32 timing arborist:ctor Completed in 0ms
33 http fetch GET 200 https://registry.npmjs.org/npm 167ms
34 http fetch GET 200 https://registry.npmjs.org/create-vite 400ms (cache miss)
35 timing arborist:ctor Completed in 0ms
36 timing arborist:ctor Completed in 0ms
37 timing idealTree:init Completed in 7ms
38 timing idealTree:userRequests Completed in 1ms
39 silly idealTree buildDeps
40 silly fetch manifest create-vite@5.4.0
41 http fetch GET 200 https://registry.npmjs.org/create-vite 57ms (cache miss)
42 silly placeDep ROOT create-vite@5.4.0 OK for:  want: 5.4.0
43 timing idealTree:#root Completed in 63ms
44 timing idealTree:node_modules/create-vite Completed in 0ms
45 timing idealTree:buildDeps Completed in 65ms
46 timing idealTree:fixDepFlags Completed in 1ms
47 timing idealTree Completed in 74ms
48 timing reify:loadTrees Completed in 75ms
49 timing reify:diffTrees Completed in 0ms
50 silly reify moves {}
51 timing reify:retireShallow Completed in 1ms
52 timing reify:createSparse Completed in 2ms
53 timing reify:loadBundles Completed in 0ms
54 silly audit bulk request { 'create-vite': [ '5.4.0' ] }
55 silly tarball no local data for create-vite@https://registry.npmjs.org/create-vite/-/create-vite-5.4.0.tgz. Extracting by manifest.
56 http fetch POST 200 https://registry.npmjs.org/-/npm/v1/security/advisories/bulk 96ms
57 timing auditReport:getReport Completed in 97ms
58 silly audit report {}
59 timing auditReport:init Completed in 0ms
60 timing reify:audit Completed in 98ms
61 http fetch GET 200 https://registry.npmjs.org/create-vite/-/create-vite-5.4.0.tgz 270ms (cache miss)
62 timing reifyNode:node_modules/create-vite Completed in 278ms
63 timing reify:unpack Completed in 278ms
64 timing reify:unretire Completed in 0ms
65 timing build:queue Completed in 0ms
66 timing build:link:node_modules/create-vite Completed in 5ms
67 timing build:link Completed in 5ms
68 timing build:deps Completed in 6ms
69 timing build Completed in 6ms
70 timing reify:build Completed in 6ms
71 timing reify:trash Completed in 0ms
72 timing reify:save Completed in 4ms
73 timing reify Completed in 374ms
74 timing command:create Completed in 63375ms
75 notice
75 notice New [33mminor[39m version of npm available! [31m10.5.2[39m -> [32m10.8.2[39m
75 notice Changelog: [36mhttps://github.com/npm/cli/releases/tag/v10.8.2[39m
75 notice Run [32mnpm install -g npm@10.8.2[39m to update!
75 notice
76 verbose exit 0
77 timing npm Completed in 63820ms
78 info ok
